# JRE version: OpenJDK Runtime Environment (8.0_152-b01) (build 1.8.0_152-release-1343-b01)
# Java VM: OpenJDK 64-Bit Server VM (25.152-b01 mixed mode windows-amd64 compressed oops)
Heap:
 PSYoungGen      total 417280K, used 69109K [0x00000000e0000000, 0x0000000100000000, 0x0000000100000000)
  eden space 348160K, 0% used [0x00000000e0000000,0x00000000e0000000,0x00000000f5400000)
  from space 69120K, 99% used [0x00000000fba80000,0x00000000ffdfd6f0,0x00000000ffe00000)
  to   space 88064K, 0% used [0x00000000f5400000,0x00000000f5400000,0x00000000faa00000)
 ParOldGen       total 222720K, used 194663K [0x00000000a0000000, 0x00000000ad980000, 0x00000000e0000000)
  object space 222720K, 87% used [0x00000000a0000000,0x00000000abe19d10,0x00000000ad980000)
 Metaspace       used 70367K, capacity 72487K, committed 72728K, reserved 1114112K
  class space    used 8206K, capacity 8752K, committed 8752K, reserved 1048576K
GC Heap History (10 events):
Event: 800.039 GC heap after
Heap after GC invocations=17 (full 5):
 PSYoungGen      total 392192K, used 14383K [0x00000000e0000000, 0x00000000ffc80000, 0x0000000100000000)
  eden space 335360K, 0% used [0x00000000e0000000,0x00000000e0000000,0x00000000f4780000)
  from space 56832K, 25% used [0x00000000f8580000,0x00000000f938bd60,0x00000000fbd00000)
  to   space 63488K, 0% used [0x00000000f4780000,0x00000000f4780000,0x00000000f8580000)
 ParOldGen       total 222720K, used 119558K [0x00000000a0000000, 0x00000000ad980000, 0x00000000e0000000)
  object space 222720K, 53% used [0x00000000a0000000,0x00000000a74c1bd8,0x00000000ad980000)
 Metaspace       used 64786K, capacity 66435K, committed 66712K, reserved 1107968K
  class space    used 7840K, capacity 8258K, committed 8368K, reserved 1048576K
}
Event: 803.346 GC heap before
{Heap before GC invocations=18 (full 5):
 PSYoungGen      total 392192K, used 349743K [0x00000000e0000000, 0x00000000ffc80000, 0x0000000100000000)
  eden space 335360K, 100% used [0x00000000e0000000,0x00000000f4780000,0x00000000f4780000)
  from space 56832K, 25% used [0x00000000f8580000,0x00000000f938bd60,0x00000000fbd00000)
  to   space 63488K, 0% used [0x00000000f4780000,0x00000000f4780000,0x00000000f8580000)
 ParOldGen       total 222720K, used 119558K [0x00000000a0000000, 0x00000000ad980000, 0x00000000e0000000)
  object space 222720K, 53% used [0x00000000a0000000,0x00000000a74c1bd8,0x00000000ad980000)
 Metaspace       used 67066K, capacity 68887K, committed 69144K, reserved 1110016K
  class space    used 7955K, capacity 8416K, committed 8496K, reserved 1048576K
Event: 803.434 GC heap after
Heap after GC invocations=18 (full 5):
 PSYoungGen      total 398848K, used 51343K [0x00000000e0000000, 0x0000000100000000, 0x0000000100000000)
  eden space 335360K, 0% used [0x00000000e0000000,0x00000000e0000000,0x00000000f4780000)
  from space 63488K, 80% used [0x00000000f4780000,0x00000000f79a3f98,0x00000000f8580000)
  to   space 69632K, 0% used [0x00000000fbc00000,0x00000000fbc00000,0x0000000100000000)
 ParOldGen       total 222720K, used 133555K [0x00000000a0000000, 0x00000000ad980000, 0x00000000e0000000)
  object space 222720K, 59% used [0x00000000a0000000,0x00000000a826cd90,0x00000000ad980000)
 Metaspace       used 67066K, capacity 68887K, committed 69144K, reserved 1110016K
  class space    used 7955K, capacity 8416K, committed 8496K, reserved 1048576K
}
Event: 1353.667 GC heap before
{Heap before GC invocations=19 (full 5):
 PSYoungGen      total 398848K, used 386703K [0x00000000e0000000, 0x0000000100000000, 0x0000000100000000)
  eden space 335360K, 100% used [0x00000000e0000000,0x00000000f4780000,0x00000000f4780000)
  from space 63488K, 80% used [0x00000000f4780000,0x00000000f79a3f98,0x00000000f8580000)
  to   space 69632K, 0% used [0x00000000fbc00000,0x00000000fbc00000,0x0000000100000000)
 ParOldGen       total 222720K, used 133555K [0x00000000a0000000, 0x00000000ad980000, 0x00000000e0000000)
  object space 222720K, 59% used [0x00000000a0000000,0x00000000a826cd90,0x00000000ad980000)
 Metaspace       used 68603K, capacity 70587K, committed 70808K, reserved 1112064K
  class space    used 8050K, capacity 8566K, committed 8624K, reserved 1048576K
Event: 1353.717 GC heap after
Heap after GC invocations=19 (full 5):
 PSYoungGen      total 452608K, used 41529K [0x00000000e0000000, 0x0000000100000000, 0x0000000100000000)
  eden space 382976K, 0% used [0x00000000e0000000,0x00000000e0000000,0x00000000f7600000)
  from space 69632K, 59% used [0x00000000fbc00000,0x00000000fe48e7c8,0x0000000100000000)
  to   space 70656K, 0% used [0x00000000f7600000,0x00000000f7600000,0x00000000fbb00000)
 ParOldGen       total 222720K, used 143464K [0x00000000a0000000, 0x00000000ad980000, 0x00000000e0000000)
  object space 222720K, 64% used [0x00000000a0000000,0x00000000a8c1a338,0x00000000ad980000)
 Metaspace       used 68603K, capacity 70587K, committed 70808K, reserved 1112064K
  class space    used 8050K, capacity 8566K, committed 8624K, reserved 1048576K
}
Event: 1867.209 GC heap before
{Heap before GC invocations=20 (full 5):
 PSYoungGen      total 452608K, used 424505K [0x00000000e0000000, 0x0000000100000000, 0x0000000100000000)
  eden space 382976K, 100% used [0x00000000e0000000,0x00000000f7600000,0x00000000f7600000)
  from space 69632K, 59% used [0x00000000fbc00000,0x00000000fe48e7c8,0x0000000100000000)
  to   space 70656K, 0% used [0x00000000f7600000,0x00000000f7600000,0x00000000fbb00000)
 ParOldGen       total 222720K, used 143464K [0x00000000a0000000, 0x00000000ad980000, 0x00000000e0000000)
  object space 222720K, 64% used [0x00000000a0000000,0x00000000a8c1a338,0x00000000ad980000)
 Metaspace       used 69753K, capacity 71785K, committed 71960K, reserved 1112064K
  class space    used 8155K, capacity 8675K, committed 8752K, reserved 1048576K
Event: 1867.248 GC heap after
Heap after GC invocations=20 (full 5):
 PSYoungGen      total 396288K, used 13134K [0x00000000e0000000, 0x00000000ffe00000, 0x0000000100000000)
  eden space 382976K, 0% used [0x00000000e0000000,0x00000000e0000000,0x00000000f7600000)
  from space 13312K, 98% used [0x00000000f7600000,0x00000000f82d3bc8,0x00000000f8300000)
  to   space 69120K, 0% used [0x00000000fba80000,0x00000000fba80000,0x00000000ffe00000)
 ParOldGen       total 222720K, used 174317K [0x00000000a0000000, 0x00000000ad980000, 0x00000000e0000000)
  object space 222720K, 78% used [0x00000000a0000000,0x00000000aaa3b538,0x00000000ad980000)
 Metaspace       used 69753K, capacity 71785K, committed 71960K, reserved 1112064K
  class space    used 8155K, capacity 8675K, committed 8752K, reserved 1048576K
}
Event: 1869.572 GC heap before
{Heap before GC invocations=21 (full 5):
 PSYoungGen      total 396288K, used 396110K [0x00000000e0000000, 0x00000000ffe00000, 0x0000000100000000)
  eden space 382976K, 100% used [0x00000000e0000000,0x00000000f7600000,0x00000000f7600000)
  from space 13312K, 98% used [0x00000000f7600000,0x00000000f82d3bc8,0x00000000f8300000)
  to   space 69120K, 0% used [0x00000000fba80000,0x00000000fba80000,0x00000000ffe00000)
 ParOldGen       total 222720K, used 174317K [0x00000000a0000000, 0x00000000ad980000, 0x00000000e0000000)
  object space 222720K, 78% used [0x00000000a0000000,0x00000000aaa3b538,0x00000000ad980000)
 Metaspace       used 70367K, capacity 72487K, committed 72728K, reserved 1114112K
  class space    used 8206K, capacity 8752K, committed 8752K, reserved 1048576K
Event: 1869.686 GC heap after
Heap after GC invocations=21 (full 5):
 PSYoungGen      total 417280K, used 69109K [0x00000000e0000000, 0x0000000100000000, 0x0000000100000000)
  eden space 348160K, 0% used [0x00000000e0000000,0x00000000e0000000,0x00000000f5400000)
  from space 69120K, 99% used [0x00000000fba80000,0x00000000ffdfd6f0,0x00000000ffe00000)
  to   space 88064K, 0% used [0x00000000f5400000,0x00000000f5400000,0x00000000faa00000)
 ParOldGen       total 222720K, used 194663K [0x00000000a0000000, 0x00000000ad980000, 0x00000000e0000000)
  object space 222720K, 87% used [0x00000000a0000000,0x00000000abe19d10,0x00000000ad980000)
 Metaspace       used 70367K, capacity 72487K, committed 72728K, reserved 1114112K
  class space    used 8206K, capacity 8752K, committed 8752K, reserved 1048576K
}
Event: 1869.686 GC heap before
{Heap before GC invocations=22 (full 6):
 PSYoungGen      total 417280K, used 69109K [0x00000000e0000000, 0x0000000100000000, 0x0000000100000000)
  eden space 348160K, 0% used [0x00000000e0000000,0x00000000e0000000,0x00000000f5400000)
  from space 69120K, 99% used [0x00000000fba80000,0x00000000ffdfd6f0,0x00000000ffe00000)
  to   space 88064K, 0% used [0x00000000f5400000,0x00000000f5400000,0x00000000faa00000)
 ParOldGen       total 222720K, used 194663K [0x00000000a0000000, 0x00000000ad980000, 0x00000000e0000000)
  object space 222720K, 87% used [0x00000000a0000000,0x00000000abe19d10,0x00000000ad980000)
 Metaspace       used 70367K, capacity 72487K, committed 72728K, reserved 1114112K
  class space    used 8206K, capacity 8752K, committed 8752K, reserved 1048576K

